<?xml version="1.0" encoding="UTF-8"?>
<testng-results skipped="0" failed="0" total="1" passed="1">
  <reporter-output>
  </reporter-output>
  <suite name="Default suite" duration-ms="40385" started-at="2020-02-15T18:47:26Z" finished-at="2020-02-15T18:48:07Z">
    <groups>
    </groups>
    <test name="Default test" duration-ms="40385" started-at="2020-02-15T18:47:26Z" finished-at="2020-02-15T18:48:07Z">
      <class name="com.runner.Runner">
        <test-method status="PASS" signature="startApplication()[pri:0, instance:com.runner.Runner@4c70fda8]" name="startApplication" is-config="true" duration-ms="6651" started-at="2020-02-16T00:17:26Z" finished-at="2020-02-16T00:17:33Z">
          <reporter-output>
          </reporter-output>
        </test-method> <!-- startApplication -->
        <test-method status="PASS" signature="runMyTest()[pri:0, instance:com.runner.Runner@4c70fda8]" name="runMyTest" duration-ms="29605" started-at="2020-02-16T00:17:33Z" finished-at="2020-02-16T00:18:02Z">
          <reporter-output>
          </reporter-output>
        </test-method> <!-- runMyTest -->
        <test-method status="PASS" signature="closeBrowser()[pri:0, instance:com.runner.Runner@4c70fda8]" name="closeBrowser" is-config="true" duration-ms="4111" started-at="2020-02-16T00:18:02Z" finished-at="2020-02-16T00:18:07Z">
          <reporter-output>
          </reporter-output>
        </test-method> <!-- closeBrowser -->
      </class> <!-- com.runner.Runner -->
    </test> <!-- Default test -->
  </suite> <!-- Default suite -->
</testng-results>
